<?xml version="1.0" encoding="UTF-8"?>
<!-- Generated by org.testng.reporters.JUnitXMLReporter -->
<testsuite ignored="2" hostname="LAPTOP-119GT26P" failures="1" tests="4" name="Test" time="2.116" errors="0" timestamp="2022-01-04T16:39:34 IST">
  <testcase classname="testclasses.LoginTest" name="loginToApp" time="0.367"/>
  <testcase classname="testclasses.LoginTest" name="validatePage" time="0.776">
    <failure type="java.lang.AssertionError" message="expected [true] but found [false]">
      <![CDATA[java.lang.AssertionError: expected [true] but found [false]
at testclasses.LoginTest.validatePage(LoginTest.java:34)
at java.base/java.util.ArrayList.forEach(ArrayList.java:1511)
... Removed 31 stack frames]]>
    </failure>
  </testcase> <!-- validatePage -->
  <testcase classname="testclasses.DashBoardTest" name="selectShare" time="0.436"/>
  <testcase classname="testclasses.DashBoardTest" name="buyShares" time="0.302"/>
  <testcase classname="testclasses.BaseTest" name="@BeforeSuite initDriver" time="0.0">
    <ignored/>
  </testcase> <!-- @BeforeSuite initDriver -->
  <testcase classname="testclasses.BaseTest" name="@AfterSuite tearDown" time="0.0">
    <ignored/>
  </testcase> <!-- @AfterSuite tearDown -->
</testsuite> <!-- Test -->
